<?xml version="1.0" encoding="UTF-8"?>
<!-- Generated by org.testng.reporters.JUnitXMLReporter -->
<testsuite ignored="0" hostname="SanjiwaniS-Mac.local" failures="1" tests="22" name="Test" time="45.514" errors="0" timestamp="2023-09-24T17:37:11 IST">
  <testcase classname="restassuredApiTests.DeleteBooking" name="Createtoken" time="5.02"/>
  <testcase classname="restassuredApiTests.DeleteBooking" name="Createbooking" time="1.758"/>
  <testcase classname="restassuredApiTests.DeleteBooking" name="Deletebooking" time="1.626"/>
  <testcase classname="restassuredApiTests.DeleteBooking" name="Getdeletedbooking" time="1.507"/>
  <testcase classname="restassuredApiTests.CreateBooking" name="testpost" time="1.651"/>
  <testcase classname="restassuredApiTests.GetBookingsByCheckinCheckout" name="getBookingsForCheckinCheckout" time="1.624"/>
  <testcase classname="restassuredApiTests.CreateBooking" name="testpost" time="1.847"/>
  <testcase classname="restassuredApiTests.GetBooking" name="testget" time="1.869"/>
  <testcase classname="restassuredApiTests.CreateToken" name="testpost" time="1.658"/>
  <testcase classname="restassuredApiTests.GetBookingIds" name="getAllBookings" time="1.801"/>
  <testcase classname="restassuredApiTests.CreateBooking" name="testpost" time="2.057"/>
  <testcase classname="restassuredApiTests.GetBookingsByName" name="getBookingsForName" time="1.657">
    <failure type="java.lang.AssertionError" message="1 expectation failed.
JSON path bookingid[0] doesn&amp;apos;t match.
Expected: &amp;lt;2099&amp;gt;
  Actual: &amp;lt;2026&amp;gt;
">
      <![CDATA[java.lang.AssertionError: 1 expectation failed.
JSON path bookingid[0] doesn't match.
Expected: <2099>
  Actual: <2026>

at org.codehaus.groovy.runtime.callsite.ConstructorSite$ConstructorSiteNoUnwrapNoCoerce.callConstructor(ConstructorSite.java:108)
at org.codehaus.groovy.runtime.callsite.CallSiteArray.defaultCallConstructor(CallSiteArray.java:57)
at org.codehaus.groovy.runtime.callsite.AbstractCallSite.callConstructor(AbstractCallSite.java:263)
at org.codehaus.groovy.runtime.callsite.AbstractCallSite.callConstructor(AbstractCallSite.java:277)
at io.restassured.internal.ResponseSpecificationImpl$HamcrestAssertionClosure.validate(ResponseSpecificationImpl.groovy:512)
at io.restassured.internal.ResponseSpecificationImpl$HamcrestAssertionClosure$validate$1.call(Unknown Source)
at io.restassured.internal.ResponseSpecificationImpl.validateResponseIfRequired(ResponseSpecificationImpl.groovy:696)
at io.restassured.internal.ResponseSpecificationImpl.this$2$validateResponseIfRequired(ResponseSpecificationImpl.groovy)
at org.codehaus.groovy.runtime.callsite.PlainObjectMetaMethodSite.doInvoke(PlainObjectMetaMethodSite.java:43)
at org.codehaus.groovy.runtime.callsite.PogoMetaMethodSite$PogoCachedMethodSiteNoUnwrapNoCoerce.invoke(PogoMetaMethodSite.java:198)
at org.codehaus.groovy.runtime.callsite.PogoMetaMethodSite.callCurrent(PogoMetaMethodSite.java:62)
at org.codehaus.groovy.runtime.callsite.AbstractCallSite.callCurrent(AbstractCallSite.java:185)
at io.restassured.internal.ResponseSpecificationImpl.body(ResponseSpecificationImpl.groovy:270)
at io.restassured.specification.ResponseSpecification$body$2.callCurrent(Unknown Source)
at io.restassured.internal.ResponseSpecificationImpl.body(ResponseSpecificationImpl.groovy:117)
at io.restassured.internal.ValidatableResponseOptionsImpl.body(ValidatableResponseOptionsImpl.java:244)
at restassuredApiTests.GetBookingsByName.getBookingsForName(GetBookingsByName.java:29)
at java.base/java.util.ArrayList.forEach(ArrayList.java:1511)
... Removed 31 stack frames]]>
    </failure>
  </testcase> <!-- getBookingsForName -->
  <testcase classname="restassuredApiTests.HealthCheck" name="getping" time="1.536"/>
  <testcase classname="restassuredApiTests.CreateBooking" name="testpost" time="1.677"/>
  <testcase classname="restassuredApiTests.PartialUpdateBooking" name="Createtoken" time="1.755"/>
  <testcase classname="restassuredApiTests.PartialUpdateBooking" name="Createbooking" time="2.039"/>
  <testcase classname="restassuredApiTests.PartialUpdateBooking" name="UpdateAllFields" time="2.539"/>
  <testcase classname="restassuredApiTests.PartialUpdateBooking" name="UpdateOnlyFirstName" time="2.866"/>
  <testcase classname="restassuredApiTests.PartialUpdateBooking" name="UpdateOnlyLastName" time="1.906"/>
  <testcase classname="restassuredApiTests.UpdateBooking" name="Createtoken" time="1.57"/>
  <testcase classname="restassuredApiTests.UpdateBooking" name="Createbooking" time="1.888"/>
  <testcase classname="restassuredApiTests.UpdateBooking" name="Updatebooking" time="1.882"/>
</testsuite> <!-- Test -->
